Building DAG of jobs...
Using shell: /usr/bin/bash
Provided cores: 30
Rules claiming more threads will be scaled down.
Job counts:
	count	jobs
	1	all
	1	main
	2

[Mon Jul  6 17:01:08 2020]
rule main:
    input: /data/analysis/ag-reils/ag-reils-shared-students/henrik/data/processed/training/n-augmentation_0_maxdegree_14_resize_128_128_flip_0/kaggle/, /data/analysis/ag-reils/ag-reils-shared-students/henrik/data/processed/testing/n-augmentation_0_maxdegree_14_resize_128_128_flip_0/kaggle/, /data/analysis/ag-reils/ag-reils-shared-students/henrik/data/processed/valid/n-augmentation_0_maxdegree_14_resize_128_128_flip_0/kaggle/, /data/analysis/ag-reils/ag-reils-shared-students/retina/data/raw/kaggle/train/trainLabels.csv
    output: 1244/main.done
    jobid: 1

Touching output file 1244/main.done.
[Mon Jul  6 21:05:29 2020]
Finished job 1.
1 of 2 steps (50%) done

[Mon Jul  6 21:05:29 2020]
rule all:
    input: 1244/main.done
    jobid: 0

Terminating processes on user request, this might take some time.
Cancelling snakemake on user request.
